u:\synchronized\dev\c,c++\is_santorini\is_santorini\release\is_santorini.pch
u:\synchronized\dev\c,c++\is_santorini\is_santorini\release\vc141.pdb
u:\synchronized\dev\c,c++\is_santorini\is_santorini\release\pch.sbr
u:\synchronized\dev\c,c++\is_santorini\is_santorini\release\pch.obj
u:\synchronized\dev\c,c++\is_santorini\is_santorini\release\cellhighlight.sbr
u:\synchronized\dev\c,c++\is_santorini\is_santorini\release\computerplayer.sbr
u:\synchronized\dev\c,c++\is_santorini\is_santorini\release\estimatefunc.sbr
u:\synchronized\dev\c,c++\is_santorini\is_santorini\release\gamecontroller.sbr
u:\synchronized\dev\c,c++\is_santorini\is_santorini\release\gameflowfunc.sbr
u:\synchronized\dev\c,c++\is_santorini\is_santorini\release\globalstore.sbr
u:\synchronized\dev\c,c++\is_santorini\is_santorini\release\gr-draw.sbr
u:\synchronized\dev\c,c++\is_santorini\is_santorini\release\gr-spriteloader.sbr
u:\synchronized\dev\c,c++\is_santorini\is_santorini\release\gr-spritemgr.sbr
u:\synchronized\dev\c,c++\is_santorini\is_santorini\release\greeter.sbr
u:\synchronized\dev\c,c++\is_santorini\is_santorini\release\helperstructs.sbr
u:\synchronized\dev\c,c++\is_santorini\is_santorini\release\humanplayer.sbr
u:\synchronized\dev\c,c++\is_santorini\is_santorini\release\iomgr.sbr
u:\synchronized\dev\c,c++\is_santorini\is_santorini\release\main.sbr
u:\synchronized\dev\c,c++\is_santorini\is_santorini\release\minimaxtree.sbr
u:\synchronized\dev\c,c++\is_santorini\is_santorini\release\qao-base.sbr
u:\synchronized\dev\c,c++\is_santorini\is_santorini\release\qao-ptr.sbr
u:\synchronized\dev\c,c++\is_santorini\is_santorini\release\qao-registry.sbr
u:\synchronized\dev\c,c++\is_santorini\is_santorini\release\random.sbr
u:\synchronized\dev\c,c++\is_santorini\is_santorini\release\random.obj
u:\synchronized\dev\c,c++\is_santorini\is_santorini\release\qao-registry.obj
u:\synchronized\dev\c,c++\is_santorini\is_santorini\release\qao-ptr.obj
u:\synchronized\dev\c,c++\is_santorini\is_santorini\release\qao-base.obj
u:\synchronized\dev\c,c++\is_santorini\is_santorini\release\minimaxtree.obj
u:\synchronized\dev\c,c++\is_santorini\is_santorini\release\main.obj
u:\synchronized\dev\c,c++\is_santorini\is_santorini\release\iomgr.obj
u:\synchronized\dev\c,c++\is_santorini\is_santorini\release\humanplayer.obj
u:\synchronized\dev\c,c++\is_santorini\is_santorini\release\helperstructs.obj
u:\synchronized\dev\c,c++\is_santorini\is_santorini\release\greeter.obj
u:\synchronized\dev\c,c++\is_santorini\is_santorini\release\gr-spritemgr.obj
u:\synchronized\dev\c,c++\is_santorini\is_santorini\release\gr-spriteloader.obj
u:\synchronized\dev\c,c++\is_santorini\is_santorini\release\gr-draw.obj
u:\synchronized\dev\c,c++\is_santorini\is_santorini\release\globalstore.obj
u:\synchronized\dev\c,c++\is_santorini\is_santorini\release\gameflowfunc.obj
u:\synchronized\dev\c,c++\is_santorini\is_santorini\release\gamecontroller.obj
u:\synchronized\dev\c,c++\is_santorini\is_santorini\release\estimatefunc.obj
u:\synchronized\dev\c,c++\is_santorini\is_santorini\release\computerplayer.obj
u:\synchronized\dev\c,c++\is_santorini\is_santorini\release\cellhighlight.obj
u:\synchronized\dev\c,c++\is_santorini\release\is_santorini.ipdb
u:\synchronized\dev\c,c++\is_santorini\release\is_santorini.iobj
u:\synchronized\dev\c,c++\is_santorini\release\is_santorini.exe
u:\synchronized\dev\c,c++\is_santorini\release\is_santorini.pdb
u:\synchronized\dev\c,c++\is_santorini\release\is_santorini.bsc
u:\synchronized\dev\c,c++\is_santorini\is_santorini\release\is_santorini.tlog\bscmake.command.1.tlog
u:\synchronized\dev\c,c++\is_santorini\is_santorini\release\is_santorini.tlog\bscmake.read.1.tlog
u:\synchronized\dev\c,c++\is_santorini\is_santorini\release\is_santorini.tlog\cl.command.1.tlog
u:\synchronized\dev\c,c++\is_santorini\is_santorini\release\is_santorini.tlog\cl.read.1.tlog
u:\synchronized\dev\c,c++\is_santorini\is_santorini\release\is_santorini.tlog\cl.write.1.tlog
u:\synchronized\dev\c,c++\is_santorini\is_santorini\release\is_santorini.tlog\is_santorini.write.1u.tlog
u:\synchronized\dev\c,c++\is_santorini\is_santorini\release\is_santorini.tlog\link.command.1.tlog
u:\synchronized\dev\c,c++\is_santorini\is_santorini\release\is_santorini.tlog\link.read.1.tlog
u:\synchronized\dev\c,c++\is_santorini\is_santorini\release\is_santorini.tlog\link.write.1.tlog
