u:\synchronized\dev\c,c++\is_santorini\is_santorini\debug\is_santorini.pch
u:\synchronized\dev\c,c++\is_santorini\is_santorini\debug\vc141.pdb
u:\synchronized\dev\c,c++\is_santorini\is_santorini\debug\vc141.idb
u:\synchronized\dev\c,c++\is_santorini\is_santorini\debug\pch.obj
u:\synchronized\dev\c,c++\is_santorini\is_santorini\debug\random.obj
u:\synchronized\dev\c,c++\is_santorini\is_santorini\debug\qao-registry.obj
u:\synchronized\dev\c,c++\is_santorini\is_santorini\debug\qao-ptr.obj
u:\synchronized\dev\c,c++\is_santorini\is_santorini\debug\qao-base.obj
u:\synchronized\dev\c,c++\is_santorini\is_santorini\debug\minimaxtree.obj
u:\synchronized\dev\c,c++\is_santorini\is_santorini\debug\main.obj
u:\synchronized\dev\c,c++\is_santorini\is_santorini\debug\iomgr.obj
u:\synchronized\dev\c,c++\is_santorini\is_santorini\debug\humanplayer.obj
u:\synchronized\dev\c,c++\is_santorini\is_santorini\debug\helperstructs.obj
u:\synchronized\dev\c,c++\is_santorini\is_santorini\debug\greeter.obj
u:\synchronized\dev\c,c++\is_santorini\is_santorini\debug\gr-spritemgr.obj
u:\synchronized\dev\c,c++\is_santorini\is_santorini\debug\gr-spriteloader.obj
u:\synchronized\dev\c,c++\is_santorini\is_santorini\debug\gr-draw.obj
u:\synchronized\dev\c,c++\is_santorini\is_santorini\debug\globalstore.obj
u:\synchronized\dev\c,c++\is_santorini\is_santorini\debug\gameflowfunc.obj
u:\synchronized\dev\c,c++\is_santorini\is_santorini\debug\gamecontroller.obj
u:\synchronized\dev\c,c++\is_santorini\is_santorini\debug\estimatefunc.obj
u:\synchronized\dev\c,c++\is_santorini\is_santorini\debug\computerplayer.obj
u:\synchronized\dev\c,c++\is_santorini\is_santorini\debug\cellhighlight.obj
u:\synchronized\dev\c,c++\is_santorini\debug\is_santorini.ilk
u:\synchronized\dev\c,c++\is_santorini\debug\is_santorini.exe
u:\synchronized\dev\c,c++\is_santorini\debug\is_santorini.pdb
u:\synchronized\dev\c,c++\is_santorini\is_santorini\debug\is_santorini.tlog\cl.command.1.tlog
u:\synchronized\dev\c,c++\is_santorini\is_santorini\debug\is_santorini.tlog\cl.read.1.tlog
u:\synchronized\dev\c,c++\is_santorini\is_santorini\debug\is_santorini.tlog\cl.write.1.tlog
u:\synchronized\dev\c,c++\is_santorini\is_santorini\debug\is_santorini.tlog\link.command.1.tlog
u:\synchronized\dev\c,c++\is_santorini\is_santorini\debug\is_santorini.tlog\link.read.1.tlog
u:\synchronized\dev\c,c++\is_santorini\is_santorini\debug\is_santorini.tlog\link.write.1.tlog
